INFO: [VRFC 10-2263] Analyzing Verilog file "D:/BarIlan/DDP/exercises/RiscV/riscv-core/risc_v/risc_v.sim/sim_1/impl/timing/xsim/inst_ram_tb_time_impl.v" into library xil_defaultlib
INFO: [VRFC 10-311] analyzing module RAM256X1S_UNIQ_BASE_
INFO: [VRFC 10-311] analyzing module RAM256X1S_HD1
INFO: [VRFC 10-311] analyzing module RAM256X1S_HD10
INFO: [VRFC 10-311] analyzing module RAM256X1S_HD11
INFO: [VRFC 10-311] analyzing module RAM256X1S_HD12
INFO: [VRFC 10-311] analyzing module RAM256X1S_HD13
INFO: [VRFC 10-311] analyzing module RAM256X1S_HD14
INFO: [VRFC 10-311] analyzing module RAM256X1S_HD15
INFO: [VRFC 10-311] analyzing module RAM256X1S_HD16
INFO: [VRFC 10-311] analyzing module RAM256X1S_HD17
INFO: [VRFC 10-311] analyzing module RAM256X1S_HD18
INFO: [VRFC 10-311] analyzing module RAM256X1S_HD19
INFO: [VRFC 10-311] analyzing module RAM256X1S_HD2
INFO: [VRFC 10-311] analyzing module RAM256X1S_HD20
INFO: [VRFC 10-311] analyzing module RAM256X1S_HD21
INFO: [VRFC 10-311] analyzing module RAM256X1S_HD22
INFO: [VRFC 10-311] analyzing module RAM256X1S_HD23
INFO: [VRFC 10-311] analyzing module RAM256X1S_HD24
INFO: [VRFC 10-311] analyzing module RAM256X1S_HD25
INFO: [VRFC 10-311] analyzing module RAM256X1S_HD26
INFO: [VRFC 10-311] analyzing module RAM256X1S_HD27
INFO: [VRFC 10-311] analyzing module RAM256X1S_HD28
INFO: [VRFC 10-311] analyzing module RAM256X1S_HD29
INFO: [VRFC 10-311] analyzing module RAM256X1S_HD3
INFO: [VRFC 10-311] analyzing module RAM256X1S_HD30
INFO: [VRFC 10-311] analyzing module RAM256X1S_HD31
INFO: [VRFC 10-311] analyzing module RAM256X1S_HD4
INFO: [VRFC 10-311] analyzing module RAM256X1S_HD5
INFO: [VRFC 10-311] analyzing module RAM256X1S_HD6
INFO: [VRFC 10-311] analyzing module RAM256X1S_HD7
INFO: [VRFC 10-311] analyzing module RAM256X1S_HD8
INFO: [VRFC 10-311] analyzing module RAM256X1S_HD9
INFO: [VRFC 10-311] analyzing module inst_ram
INFO: [VRFC 10-311] analyzing module glbl
INFO: [VRFC 10-2263] Analyzing Verilog file "D:/BarIlan/DDP/exercises/RiscV/riscv-core/risc_v/risc_v.srcs/sim_1/new/inst_ram_tb.v" into library xil_defaultlib
INFO: [VRFC 10-311] analyzing module inst_ram_tb
