Vivado Simulator 2019.1
Copyright 1986-1999, 2001-2019 Xilinx, Inc. All Rights Reserved.
Running: D:/Xilinx/Vivado/2019.1/bin/unwrapped/win64.o/xelab.exe -wto 389854f678784b90afacd5d1115a3b0f --incr --debug typical --relax --mt 2 --maxdelay -L xil_defaultlib -L simprims_ver -L secureip --snapshot inst_ram_tb_time_impl -transport_int_delays -pulse_r 0 -pulse_int_r 0 -pulse_e 0 -pulse_int_e 0 xil_defaultlib.inst_ram_tb xil_defaultlib.glbl -log elaborate.log 
Using 2 slave threads.
Starting static elaboration
Completed static elaboration
Starting simulation data flow analysis
Completed simulation data flow analysis
INFO: [XSIM 43-3451] SDF backannotation process started with SDF file "inst_ram_tb_time_impl.sdf", for root module "inst_ram_tb/ins_ram".
INFO: [XSIM 43-3452] SDF backannotation was successful for SDF file "inst_ram_tb_time_impl.sdf", for root module "inst_ram_tb/ins_ram".
Time Resolution for simulation is 1ps
Compiling module simprims_ver.IBUF
Compiling module simprims_ver.BUFG
Compiling module simprims_ver.OBUF
Compiling module simprims_ver.x_lut2_mux4
Compiling module simprims_ver.LUT2
Compiling module simprims_ver.LUT6
Compiling module simprims_ver.MUXF7
Compiling module simprims_ver.MUXF8
Compiling module simprims_ver.RAMS64E(RAM_ADDRESS_SPACE=2'b11)
Compiling module simprims_ver.RAMS64E(RAM_ADDRESS_SPACE=2'b10)
Compiling module simprims_ver.RAMS64E(RAM_ADDRESS_SPACE=2'b01)
Compiling module simprims_ver.RAMS64E
Compiling module xil_defaultlib.RAM256X1S_UNIQ_BASE_
Compiling module simprims_ver.LUT4
Compiling module xil_defaultlib.RAM256X1S_HD1
Compiling module xil_defaultlib.RAM256X1S_HD2
Compiling module xil_defaultlib.RAM256X1S_HD3
Compiling module xil_defaultlib.RAM256X1S_HD4
Compiling module xil_defaultlib.RAM256X1S_HD5
Compiling module xil_defaultlib.RAM256X1S_HD6
Compiling module xil_defaultlib.RAM256X1S_HD7
Compiling module xil_defaultlib.RAM256X1S_HD8
Compiling module xil_defaultlib.RAM256X1S_HD9
Compiling module xil_defaultlib.RAM256X1S_HD10
Compiling module xil_defaultlib.RAM256X1S_HD11
Compiling module xil_defaultlib.RAM256X1S_HD12
Compiling module xil_defaultlib.RAM256X1S_HD13
Compiling module xil_defaultlib.RAM256X1S_HD14
Compiling module xil_defaultlib.RAM256X1S_HD15
Compiling module xil_defaultlib.RAM256X1S_HD16
Compiling module xil_defaultlib.RAM256X1S_HD17
Compiling module xil_defaultlib.RAM256X1S_HD18
Compiling module xil_defaultlib.RAM256X1S_HD19
Compiling module xil_defaultlib.RAM256X1S_HD20
Compiling module xil_defaultlib.RAM256X1S_HD21
Compiling module xil_defaultlib.RAM256X1S_HD22
Compiling module xil_defaultlib.RAM256X1S_HD23
Compiling module xil_defaultlib.RAM256X1S_HD24
Compiling module xil_defaultlib.RAM256X1S_HD25
Compiling module xil_defaultlib.RAM256X1S_HD26
Compiling module xil_defaultlib.RAM256X1S_HD27
Compiling module xil_defaultlib.RAM256X1S_HD28
Compiling module xil_defaultlib.RAM256X1S_HD29
Compiling module xil_defaultlib.RAM256X1S_HD30
Compiling module xil_defaultlib.RAM256X1S_HD31
Compiling module xil_defaultlib.inst_ram
Compiling module xil_defaultlib.inst_ram_tb
Compiling module xil_defaultlib.glbl
Built simulation snapshot inst_ram_tb_time_impl
